<?xml version="1.0" encoding="UTF-8"?>
<testsuite name="com.capgemini.service.BuildingServiceTest" time="0.162" tests="6" errors="0" skipped="0" failures="2">
  <properties>
    <property name="java.runtime.name" value="Java(TM) SE Runtime Environment"/>
    <property name="sun.boot.library.path" value="C:\projects\crash_course\jdk\jdk8\jre\bin"/>
    <property name="java.vm.version" value="25.66-b17"/>
    <property name="user.country.format" value="DE"/>
    <property name="java.vm.vendor" value="Oracle Corporation"/>
    <property name="maven.multiModuleProjectDirectory" value="C:\projects\crash_course\workspaces\crash_course\Developer"/>
    <property name="java.vendor.url" value="http://java.oracle.com/"/>
    <property name="path.separator" value=";"/>
    <property name="guice.disable.misplaced.annotation.check" value="true"/>
    <property name="java.vm.name" value="Java HotSpot(TM) 64-Bit Server VM"/>
    <property name="file.encoding.pkg" value="sun.io"/>
    <property name="user.script" value=""/>
    <property name="user.country" value="US"/>
    <property name="sun.java.launcher" value="SUN_STANDARD"/>
    <property name="sun.os.patch.level" value="Service Pack 1"/>
    <property name="java.vm.specification.name" value="Java Virtual Machine Specification"/>
    <property name="user.dir" value="C:\projects\crash_course\workspaces\crash_course\Developer"/>
    <property name="java.runtime.version" value="1.8.0_66-b17"/>
    <property name="java.awt.graphicsenv" value="sun.awt.Win32GraphicsEnvironment"/>
    <property name="java.endorsed.dirs" value="C:\projects\crash_course\jdk\jdk8\jre\lib\endorsed"/>
    <property name="os.arch" value="amd64"/>
    <property name="java.io.tmpdir" value="C:\Users\alewando\AppData\Local\Temp\"/>
    <property name="line.separator" value="&#10;"/>
    <property name="java.vm.specification.vendor" value="Oracle Corporation"/>
    <property name="user.variant" value=""/>
    <property name="os.name" value="Windows 7"/>
    <property name="classworlds.conf" value="C:\projects\crash_course\\maven\bin\m2.conf"/>
    <property name="sun.jnu.encoding" value="Cp1252"/>
    <property name="java.library.path" value="C:\projects\crash_course\jdk\jdk8\bin;C:\WINDOWS\Sun\Java\bin;C:\WINDOWS\system32;C:\WINDOWS;C:\projects\crash_course\\jdk\jdk8\bin;C:\projects\crash_course\\maven\bin;C:\projects\crash_course\\git\cmd;C:\Program Files (x86)\Common Files\Oracle\Java\javapath;C:\WINDOWS\system32;C:\WINDOWS;C:\WINDOWS\System32\Wbem;C:\WINDOWS\System32\WindowsPowerShell\v1.0\;C:\Program Files (x86)\IDM Computer Solutions\UltraEdit;."/>
    <property name="java.specification.name" value="Java Platform API Specification"/>
    <property name="java.class.version" value="52.0"/>
    <property name="sun.management.compiler" value="HotSpot 64-Bit Tiered Compilers"/>
    <property name="os.version" value="6.1"/>
    <property name="user.home" value="C:\Users\alewando"/>
    <property name="user.timezone" value="Europe/Berlin"/>
    <property name="java.awt.printerjob" value="sun.awt.windows.WPrinterJob"/>
    <property name="java.specification.version" value="1.8"/>
    <property name="file.encoding" value="Cp1252"/>
    <property name="user.name" value="ALEWANDO"/>
    <property name="java.class.path" value="C:\projects\crash_course\\maven\boot\plexus-classworlds-2.5.2.jar"/>
    <property name="java.vm.specification.version" value="1.8"/>
    <property name="sun.arch.data.model" value="64"/>
    <property name="java.home" value="C:\projects\crash_course\jdk\jdk8\jre"/>
    <property name="sun.java.command" value="org.codehaus.plexus.classworlds.launcher.Launcher clean install"/>
    <property name="java.specification.vendor" value="Oracle Corporation"/>
    <property name="user.language" value="en"/>
    <property name="user.language.format" value="de"/>
    <property name="awt.toolkit" value="sun.awt.windows.WToolkit"/>
    <property name="java.vm.info" value="mixed mode"/>
    <property name="java.version" value="1.8.0_66"/>
    <property name="java.ext.dirs" value="C:\projects\crash_course\jdk\jdk8\jre\lib\ext;C:\WINDOWS\Sun\Java\lib\ext"/>
    <property name="sun.boot.class.path" value="C:\projects\crash_course\jdk\jdk8\jre\lib\resources.jar;C:\projects\crash_course\jdk\jdk8\jre\lib\rt.jar;C:\projects\crash_course\jdk\jdk8\jre\lib\sunrsasign.jar;C:\projects\crash_course\jdk\jdk8\jre\lib\jsse.jar;C:\projects\crash_course\jdk\jdk8\jre\lib\jce.jar;C:\projects\crash_course\jdk\jdk8\jre\lib\charsets.jar;C:\projects\crash_course\jdk\jdk8\jre\lib\jfr.jar;C:\projects\crash_course\jdk\jdk8\jre\classes"/>
    <property name="sun.stderr.encoding" value="cp850"/>
    <property name="java.vendor" value="Oracle Corporation"/>
    <property name="maven.home" value="C:\projects\crash_course\maven"/>
    <property name="file.separator" value="\"/>
    <property name="java.vendor.url.bug" value="http://bugreport.sun.com/bugreport/"/>
    <property name="sun.cpu.endian" value="little"/>
    <property name="sun.io.unicode.encoding" value="UnicodeLittle"/>
    <property name="sun.stdout.encoding" value="cp850"/>
    <property name="sun.desktop" value="windows"/>
    <property name="sun.cpu.isalist" value="amd64"/>
  </properties>
  <testcase name="testShouldGetBuildingByLocalization" classname="com.capgemini.service.BuildingServiceTest" time="0">
    <failure message="expected:&lt;1&gt; but was:&lt;5&gt;" type="java.lang.AssertionError"><![CDATA[java.lang.AssertionError: expected:<1> but was:<5>
	at org.junit.Assert.fail(Assert.java:88)
	at org.junit.Assert.failNotEquals(Assert.java:834)
	at org.junit.Assert.assertEquals(Assert.java:645)
	at org.junit.Assert.assertEquals(Assert.java:631)
	at com.capgemini.service.BuildingServiceTest.testShouldGetBuildingByLocalization(BuildingServiceTest.java:121)
]]></failure>
    <system-out><![CDATA[2018-08-27 00:35:54.214  INFO 3020 --- [           main] .b.t.c.SpringBootTestContextBootstrapper : Neither @ContextConfiguration nor @ContextHierarchy found for test class [com.capgemini.service.BuildingServiceTest], using SpringBootContextLoader
2018-08-27 00:35:54.215  INFO 3020 --- [           main] o.s.t.c.support.AbstractContextLoader    : Could not detect default resource locations for test class [com.capgemini.service.BuildingServiceTest]: no resource found for suffixes {-context.xml, Context.groovy}.
2018-08-27 00:35:54.216  INFO 3020 --- [           main] t.c.s.AnnotationConfigContextLoaderUtils : Could not detect default configuration classes for test class [com.capgemini.service.BuildingServiceTest]: BuildingServiceTest does not declare any static, non-private, non-final, nested classes annotated with @Configuration.
2018-08-27 00:35:54.229  INFO 3020 --- [           main] .b.t.c.SpringBootTestContextBootstrapper : Found @SpringBootConfiguration com.capgemini.StarterKitJpaStarterApplication for test class com.capgemini.service.BuildingServiceTest
2018-08-27 00:35:54.235  INFO 3020 --- [           main] .b.t.c.SpringBootTestContextBootstrapper : Loaded default TestExecutionListener class names from location [META-INF/spring.factories]: [org.springframework.boot.test.mock.mockito.MockitoTestExecutionListener, org.springframework.boot.test.mock.mockito.ResetMocksTestExecutionListener, org.springframework.boot.test.autoconfigure.AutoConfigureReportTestExecutionListener, org.springframework.boot.test.autoconfigure.restdocs.RestDocsTestExecutionListener, org.springframework.boot.test.autoconfigure.web.client.MockRestServiceServerResetTestExecutionListener, org.springframework.test.context.web.ServletTestExecutionListener, org.springframework.test.context.support.DirtiesContextBeforeModesTestExecutionListener, org.springframework.test.context.support.DependencyInjectionTestExecutionListener, org.springframework.test.context.support.DirtiesContextTestExecutionListener, org.springframework.test.context.transaction.TransactionalTestExecutionListener, org.springframework.test.context.jdbc.SqlScriptsTestExecutionListener]
2018-08-27 00:35:54.236  INFO 3020 --- [           main] .b.t.c.SpringBootTestContextBootstrapper : Could not instantiate TestExecutionListener [org.springframework.test.context.web.ServletTestExecutionListener]. Specify custom listener classes or make the default listener classes (and their required dependencies) available. Offending class: [javax/servlet/ServletContext]
2018-08-27 00:35:54.238  INFO 3020 --- [           main] .b.t.c.SpringBootTestContextBootstrapper : Using TestExecutionListeners: [org.springframework.test.context.support.DirtiesContextBeforeModesTestExecutionListener@41bb1f09, org.springframework.boot.test.autoconfigure.AutoConfigureReportTestExecutionListener@349f0ca4, org.springframework.test.context.support.DependencyInjectionTestExecutionListener@66f2ec1c, org.springframework.test.context.support.DirtiesContextTestExecutionListener@b3fc6d8, org.springframework.test.context.transaction.TransactionalTestExecutionListener@12e5d3e1, org.springframework.test.context.jdbc.SqlScriptsTestExecutionListener@5ed31735, org.springframework.boot.test.mock.mockito.ResetMocksTestExecutionListener@2fb082ff, org.springframework.boot.test.autoconfigure.web.client.MockRestServiceServerResetTestExecutionListener@5a4c98d7, org.springframework.boot.test.autoconfigure.restdocs.RestDocsTestExecutionListener@668a32a4, org.springframework.boot.test.mock.mockito.MockitoTestExecutionListener@2026fbff]
]]></system-out>
  </testcase>
  <testcase name="testShouldGetBuildingByFloors" classname="com.capgemini.service.BuildingServiceTest" time="0">
    <failure message="expected:&lt;2&gt; but was:&lt;6&gt;" type="java.lang.AssertionError"><![CDATA[java.lang.AssertionError: expected:<2> but was:<6>
	at org.junit.Assert.fail(Assert.java:88)
	at org.junit.Assert.failNotEquals(Assert.java:834)
	at org.junit.Assert.assertEquals(Assert.java:645)
	at org.junit.Assert.assertEquals(Assert.java:631)
	at com.capgemini.service.BuildingServiceTest.testShouldGetBuildingByFloors(BuildingServiceTest.java:151)
]]></failure>
  </testcase>
  <testcase name="testShouldGetAverigePriceOfFlatInBuilding" classname="com.capgemini.service.BuildingServiceTest" time="0"/>
  <testcase name="testShouldGetSumOfAllFlatsofClient" classname="com.capgemini.service.BuildingServiceTest" time="0.072"/>
  <testcase name="testShouldAddAndGetBuilding" classname="com.capgemini.service.BuildingServiceTest" time="0.009"/>
  <testcase name="testShouldFindAllBuildings" classname="com.capgemini.service.BuildingServiceTest" time="0.081"/>
</testsuite>